  debug.cpp
  image_png.cpp
  keyboard.cpp
  mouse.cpp
  NFont.cpp
  SDL_FontCache.cpp
C:\Users\pau20\OneDrive\Escritorio\intro_llibreria_grafica (1)\intro_llibreria_grafica_estudiants\0. C++ Code\Graphic Lib\NFont\SDL_FontCache.cpp(205,25): warning C4309: '=': truncamiento de valor constante
C:\Users\pau20\OneDrive\Escritorio\intro_llibreria_grafica (1)\intro_llibreria_grafica_estudiants\0. C++ Code\Graphic Lib\NFont\SDL_FontCache.cpp(216,25): warning C4309: '=': truncamiento de valor constante
  sound.cpp
  sprites.cpp
  stb_vorbis.cpp
  video.cpp
  Figura.cpp
  Joc.cpp
C:\Users\pau20\OneDrive\Escritorio\intro_llibreria_grafica (1)\intro_llibreria_grafica_estudiants\0. C++ Code\Logic Game\Joc.cpp(7,12): warning C4244: 'argumento': conversión de 'time_t' a 'unsigned int'; posible pérdida de datos
C:\Users\pau20\OneDrive\Escritorio\intro_llibreria_grafica (1)\intro_llibreria_grafica_estudiants\0. C++ Code\Logic Game\Joc.cpp(9,12): warning C4244: 'argumento': conversión de 'time_t' a 'unsigned int'; posible pérdida de datos
C:\Users\pau20\OneDrive\Escritorio\intro_llibreria_grafica (1)\intro_llibreria_grafica_estudiants\0. C++ Code\Logic Game\Joc.cpp(11,12): warning C4244: 'argumento': conversión de 'time_t' a 'unsigned int'; posible pérdida de datos
C:\Users\pau20\OneDrive\Escritorio\intro_llibreria_grafica (1)\intro_llibreria_grafica_estudiants\0. C++ Code\Logic Game\Joc.cpp(108,14): warning C4101: 'tipus': variable local sin referencia
C:\Users\pau20\OneDrive\Escritorio\intro_llibreria_grafica (1)\intro_llibreria_grafica_estudiants\0. C++ Code\Logic Game\Joc.cpp(110,21): warning C4101: 'rotacio': variable local sin referencia
C:\Users\pau20\OneDrive\Escritorio\intro_llibreria_grafica (1)\intro_llibreria_grafica_estudiants\0. C++ Code\Logic Game\Joc.cpp(110,30): warning C4101: 'i_tipus': variable local sin referencia
C:\Users\pau20\OneDrive\Escritorio\intro_llibreria_grafica (1)\intro_llibreria_grafica_estudiants\0. C++ Code\Logic Game\Joc.cpp(110,12): warning C4101: 'columna': variable local sin referencia
C:\Users\pau20\OneDrive\Escritorio\intro_llibreria_grafica (1)\intro_llibreria_grafica_estudiants\0. C++ Code\Logic Game\Joc.cpp(110,39): warning C4101: 'i_color': variable local sin referencia
C:\Users\pau20\OneDrive\Escritorio\intro_llibreria_grafica (1)\intro_llibreria_grafica_estudiants\0. C++ Code\Logic Game\Joc.cpp(110,6): warning C4101: 'fila': variable local sin referencia
C:\Users\pau20\OneDrive\Escritorio\intro_llibreria_grafica (1)\intro_llibreria_grafica_estudiants\0. C++ Code\Logic Game\Joc.cpp(109,14): warning C4101: 'color': variable local sin referencia
C:\Users\pau20\OneDrive\Escritorio\intro_llibreria_grafica (1)\intro_llibreria_grafica_estudiants\0. C++ Code\Logic Game\Joc.cpp(143,39): warning C4101: 'i_color': variable local sin referencia
C:\Users\pau20\OneDrive\Escritorio\intro_llibreria_grafica (1)\intro_llibreria_grafica_estudiants\0. C++ Code\Logic Game\Joc.cpp(142,14): warning C4101: 'color': variable local sin referencia
C:\Users\pau20\OneDrive\Escritorio\intro_llibreria_grafica (1)\intro_llibreria_grafica_estudiants\0. C++ Code\Logic Game\Joc.cpp(261,39): warning C4101: 'i_color': variable local sin referencia
C:\Users\pau20\OneDrive\Escritorio\intro_llibreria_grafica (1)\intro_llibreria_grafica_estudiants\0. C++ Code\Logic Game\Joc.cpp(260,14): warning C4101: 'color': variable local sin referencia
  Partida.cpp
  GraphicManager.cpp
C:\Users\pau20\OneDrive\Escritorio\intro_llibreria_grafica (1)\intro_llibreria_grafica_estudiants\0. C++ Code\Logic Game\GraphicManager.cpp(35,37): warning C4244: 'argumento': conversión de 'float' a 'int'; posible pérdida de datos
C:\Users\pau20\OneDrive\Escritorio\intro_llibreria_grafica (1)\intro_llibreria_grafica_estudiants\0. C++ Code\Logic Game\GraphicManager.cpp(35,31): warning C4244: 'argumento': conversión de 'float' a 'int'; posible pérdida de datos
  main.cpp
  Tauler.cpp
C:\Users\pau20\OneDrive\Escritorio\intro_llibreria_grafica (1)\intro_llibreria_grafica_estudiants\0. C++ Code\Logic Game\Tauler.cpp(474,107): warning C4244: 'argumento': conversión de 'int' a 'float'; posible pérdida de datos
C:\Users\pau20\OneDrive\Escritorio\intro_llibreria_grafica (1)\intro_llibreria_grafica_estudiants\0. C++ Code\Logic Game\Tauler.cpp(474,66): warning C4244: 'argumento': conversión de 'int' a 'float'; posible pérdida de datos
  Generando código...
  LINK : no se encontró C:\Users\pau20\OneDrive\Escritorio\intro_llibreria_grafica (1)\intro_llibreria_grafica_estudiants\2. Platforms\0. Windows Desktop\\Program\MP_Practica.exe o no lo generó el último vínculo incremental; ejecutando vínculo completo
  MP_Practica.vcxproj -> C:\Users\pau20\OneDrive\Escritorio\intro_llibreria_grafica (1)\intro_llibreria_grafica_estudiants\2. Platforms\0. Windows Desktop\Program\MP_Practica.exe
